2025-10-12 20:25:50,747 - INFO - ============================================================
2025-10-12 20:25:50,747 - INFO - Starting training with configuration:
2025-10-12 20:25:50,747 - INFO - Device: cuda
2025-10-12 20:25:50,747 - INFO - Config: {'paths': {'data_dir': 'data/final_dataset', 'processed_dir': 'data/processed', 'experiment_base_dir': 'train_results', 'checkpoint_dir': 'train_results\\train_run_20251012_202550\\checkpoints', 'results_dir': 'train_results\\train_run_20251012_202550\\results'}, 'data_params': {'window': 160, 'stride': 2, 'min_cycles': 180}, 'model_params': {'sae_dim': 32, 'd_model': 128, 'nhead': 4, 'nlayers': 2, 'use_cnn': True, 'cnn_channels': 64, 'quantiles': [0.1, 0.5, 0.9]}, 'train_params': {'batch_size': 128, 'epochs': 150, 'learning_rate': 0.0003, 'weight_decay': 0.0001, 'alpha_recon': 0.2, 'beta_sparse': 0.001, 'y_transform': 'standardize', 'patience': 15, 'grad_clip': 1.0}, 'eval_params': {'tau': 0.8}}
2025-10-12 20:25:50,752 - INFO - ============================================================
2025-10-12 20:25:50,752 - INFO - Loading data...
2025-10-12 20:25:50,870 - INFO - Train: X(30903, 160, 5), y(30903,)
2025-10-12 20:25:50,870 - INFO - Val:   X(8185, 160, 5), y(8185,)
2025-10-12 20:25:50,870 - INFO - Test:  X(5741, 160, 5), y(5741,)
2025-10-12 20:25:50,870 - INFO - Fitting StandardScaler on training data...
2025-10-12 20:25:51,490 - INFO - Saved scaler to train_results\train_run_20251012_202550\checkpoints\scaler.json
2025-10-12 20:25:51,490 - INFO - Applied y_transform: standardize
2025-10-12 20:25:51,491 - INFO - Sequence length: 160, Features: 5
2025-10-12 20:25:51,491 - INFO - Initializing model...
2025-10-12 20:25:52,721 - INFO - Model parameters: 294,920
2025-10-12 20:25:52,721 - INFO - Starting training...
2025-10-12 20:26:26,327 - INFO - Epoch 005 | Loss=0.0117 | Val MAE=11.9299 | lr=3.00e-04
2025-10-12 20:27:33,576 - INFO - Epoch 015 | Loss=0.0072 | Val MAE=9.3719 | lr=3.00e-04
2025-10-12 20:28:07,174 - INFO - Epoch 020 | Loss=0.0068 | Val MAE=8.8283 | lr=3.00e-04
2025-10-12 20:28:40,627 - INFO - Epoch 025 | Loss=0.0060 | Val MAE=7.4433 | lr=1.50e-04
2025-10-12 20:29:14,442 - INFO - Epoch 030 | Loss=0.0049 | Val MAE=7.1404 | lr=1.50e-04
2025-10-12 20:29:48,256 - INFO - Epoch 035 | Loss=0.0038 | Val MAE=6.2568 | lr=7.50e-05
2025-10-12 20:30:22,480 - INFO - Epoch 040 | Loss=0.0038 | Val MAE=6.3745 | lr=7.50e-05
2025-10-12 20:30:56,730 - INFO - Epoch 045 | Loss=0.0036 | Val MAE=6.5866 | lr=3.75e-05
2025-10-12 20:31:31,143 - INFO - Epoch 050 | Loss=0.0034 | Val MAE=7.4231 | lr=3.75e-05
2025-10-12 20:32:05,783 - INFO - Epoch 055 | Loss=0.0033 | Val MAE=6.6610 | lr=3.75e-05
2025-10-12 20:32:40,076 - INFO - Epoch 060 | Loss=0.0031 | Val MAE=5.7725 | lr=1.87e-05
2025-10-12 20:33:14,681 - INFO - Epoch 065 | Loss=0.0030 | Val MAE=5.6186 | lr=9.37e-06
2025-10-12 20:33:28,563 - INFO - Early stopping at epoch 67
2025-10-12 20:33:28,564 - INFO - ============================================================
2025-10-12 20:33:28,564 - INFO - Training completed!
2025-10-12 20:33:28,564 - INFO - Best validation MAE: 5.1609
2025-10-12 20:33:28,564 - INFO - Model saved to: train_results\train_run_20251012_202550\checkpoints\best_model.pth
2025-10-12 20:33:28,564 - INFO - ============================================================
2025-10-12 20:33:28,564 - INFO - Generating training curves...
2025-10-12 20:33:28,994 - INFO - Training curves saved to results directory
