2025-10-21 10:15:38,059 - INFO - ============================================================
2025-10-21 10:15:38,059 - INFO - Starting training: Model = TRANSFORMER
2025-10-21 10:15:38,059 - INFO - Device: cuda
2025-10-21 10:15:38,059 - INFO - Config: {'paths': {'data_dir': 'data/final_dataset', 'processed_dir': 'data/processed', 'experiment_base_dir': 'train_results', 'checkpoint_dir': 'train_results\\train_run_transformer_20251021_101538\\checkpoints', 'results_dir': 'train_results\\train_run_transformer_20251021_101538\\results'}, 'data_params': {'window': 30, 'stride': 10, 'min_cycles': 180}, 'model_params': {'sae_dim': 32, 'd_model': 128, 'nhead': 4, 'nlayers': 2, 'use_cnn': True, 'cnn_channels': 64, 'quantiles': [0.1, 0.5, 0.9]}, 'train_params': {'batch_size': 128, 'epochs': 200, 'learning_rate': 0.0005, 'weight_decay': 3e-05, 'alpha_recon': 0.2, 'beta_sparse': 0.001, 'y_transform': 'standardize', 'patience': 20, 'grad_clip': 1.0}, 'eval_params': {'tau': 0.8}, 'early_prediction': {'thresholds': [30, 50, 75, 100, 150], 'min_cycles': 20, 'methods': ['saetr', 'partial_discharge', 'knee_point', 'ensemble'], 'knee_detection': {'threshold_drop': 0.02, 'min_cycles_before_knee': 30}, 'partial_discharge': {'voltage_range': [3.5, 3.1]}, 'iterative': {'max_future_cycles': 500, 'feature_prediction_method': 'linear'}}}
2025-10-21 10:15:38,060 - INFO - ============================================================
2025-10-21 10:15:38,060 - INFO - Loading data...
2025-10-21 10:15:38,065 - INFO - Train: X(7425, 30, 10), y(7425,)
2025-10-21 10:15:38,065 - INFO - Val:   X(1903, 30, 10), y(1903,)
2025-10-21 10:15:38,065 - INFO - Test:  X(1415, 30, 10), y(1415,)
2025-10-21 10:15:38,066 - INFO - Fitting StandardScaler on training data...
2025-10-21 10:15:38,106 - INFO - Saved scaler to train_results\train_run_transformer_20251021_101538\checkpoints\scaler.json
2025-10-21 10:15:38,106 - INFO - Applied y_transform: standardize
2025-10-21 10:15:38,107 - INFO - Sequence length: 30, Features: 10
2025-10-21 10:15:38,107 - INFO - Initializing TRANSFORMER model...
2025-10-21 10:15:38,841 - INFO - Model parameters: 274,819
2025-10-21 10:15:38,841 - INFO - Starting training...
2025-10-21 10:15:40,802 - INFO - Epoch 005 | Loss=0.0564 | Val MAE=124.2472 | lr=5.00e-04
2025-10-21 10:15:42,517 - INFO - Epoch 010 | Loss=0.0433 | Val MAE=106.4308 | lr=5.00e-04
2025-10-21 10:15:44,219 - INFO - Epoch 015 | Loss=0.0289 | Val MAE=86.1642 | lr=5.00e-04
2025-10-21 10:15:47,575 - INFO - Epoch 025 | Loss=0.0169 | Val MAE=53.0529 | lr=5.00e-04
2025-10-21 10:15:49,232 - INFO - Epoch 030 | Loss=0.0114 | Val MAE=43.1962 | lr=2.50e-04
2025-10-21 10:15:50,950 - INFO - Epoch 035 | Loss=0.0106 | Val MAE=54.8853 | lr=1.25e-04
2025-10-21 10:15:52,738 - INFO - Epoch 040 | Loss=0.0096 | Val MAE=43.8729 | lr=6.25e-05
2025-10-21 10:15:54,586 - INFO - Epoch 045 | Loss=0.0092 | Val MAE=46.7644 | lr=3.13e-05
2025-10-21 10:15:55,357 - INFO - Early stopping at epoch 47
2025-10-21 10:15:55,358 - INFO - ============================================================
2025-10-21 10:15:55,358 - INFO - Training completed!
2025-10-21 10:15:55,358 - INFO - Model: TRANSFORMER
2025-10-21 10:15:55,359 - INFO - Best validation MAE: 41.9848
2025-10-21 10:15:55,359 - INFO - Model saved to: train_results\train_run_transformer_20251021_101538\checkpoints\best_model.pth
2025-10-21 10:15:55,359 - INFO - ============================================================
2025-10-21 10:15:55,359 - INFO - Generating training curves...
2025-10-21 10:15:55,726 - INFO - Training curves saved to results directory
