2025-10-21 10:16:07,596 - INFO - ============================================================
2025-10-21 10:16:07,596 - INFO - Starting training: Model = SAETR
2025-10-21 10:16:07,596 - INFO - Device: cuda
2025-10-21 10:16:07,596 - INFO - Config: {'paths': {'data_dir': 'data/final_dataset', 'processed_dir': 'data/processed', 'experiment_base_dir': 'train_results', 'checkpoint_dir': 'train_results\\train_run_saetr_20251021_101607\\checkpoints', 'results_dir': 'train_results\\train_run_saetr_20251021_101607\\results'}, 'data_params': {'window': 30, 'stride': 10, 'min_cycles': 180}, 'model_params': {'sae_dim': 32, 'd_model': 128, 'nhead': 4, 'nlayers': 2, 'use_cnn': True, 'cnn_channels': 64, 'quantiles': [0.1, 0.5, 0.9]}, 'train_params': {'batch_size': 128, 'epochs': 200, 'learning_rate': 0.0005, 'weight_decay': 3e-05, 'alpha_recon': 0.2, 'beta_sparse': 0.001, 'y_transform': 'standardize', 'patience': 20, 'grad_clip': 1.0}, 'eval_params': {'tau': 0.8}, 'early_prediction': {'thresholds': [30, 50, 75, 100, 150], 'min_cycles': 20, 'methods': ['saetr', 'partial_discharge', 'knee_point', 'ensemble'], 'knee_detection': {'threshold_drop': 0.02, 'min_cycles_before_knee': 30}, 'partial_discharge': {'voltage_range': [3.5, 3.1]}, 'iterative': {'max_future_cycles': 500, 'feature_prediction_method': 'linear'}}}
2025-10-21 10:16:07,597 - INFO - ============================================================
2025-10-21 10:16:07,597 - INFO - Loading data...
2025-10-21 10:16:07,602 - INFO - Train: X(7425, 30, 10), y(7425,)
2025-10-21 10:16:07,602 - INFO - Val:   X(1903, 30, 10), y(1903,)
2025-10-21 10:16:07,602 - INFO - Test:  X(1415, 30, 10), y(1415,)
2025-10-21 10:16:07,602 - INFO - Fitting StandardScaler on training data...
2025-10-21 10:16:07,641 - INFO - Saved scaler to train_results\train_run_saetr_20251021_101607\checkpoints\scaler.json
2025-10-21 10:16:07,641 - INFO - Applied y_transform: standardize
2025-10-21 10:16:07,641 - INFO - Sequence length: 30, Features: 10
2025-10-21 10:16:07,642 - INFO - Initializing SAETR model...
2025-10-21 10:16:08,387 - INFO - Model parameters: 295,565
2025-10-21 10:16:08,388 - INFO - Starting training...
2025-10-21 10:16:10,957 - INFO - Epoch 005 | Loss=0.0649 | Val MAE=137.8228 | lr=5.00e-04
2025-10-21 10:16:23,136 - INFO - Epoch 030 | Loss=0.0196 | Val MAE=45.9459 | lr=5.00e-04
2025-10-21 10:16:25,543 - INFO - Epoch 035 | Loss=0.0175 | Val MAE=45.0489 | lr=2.50e-04
2025-10-21 10:16:28,132 - INFO - Epoch 040 | Loss=0.0140 | Val MAE=41.0479 | lr=2.50e-04
2025-10-21 10:16:33,075 - INFO - Epoch 050 | Loss=0.0130 | Val MAE=43.1466 | lr=2.50e-04
2025-10-21 10:16:35,319 - INFO - Epoch 055 | Loss=0.0116 | Val MAE=40.2199 | lr=1.25e-04
2025-10-21 10:16:37,583 - INFO - Epoch 060 | Loss=0.0113 | Val MAE=39.3483 | lr=1.25e-04
2025-10-21 10:16:39,884 - INFO - Epoch 065 | Loss=0.0110 | Val MAE=38.8203 | lr=1.25e-04
2025-10-21 10:16:42,203 - INFO - Epoch 070 | Loss=0.0116 | Val MAE=36.5569 | lr=1.25e-04
2025-10-21 10:16:44,480 - INFO - Epoch 075 | Loss=0.0105 | Val MAE=40.7956 | lr=6.25e-05
2025-10-21 10:16:46,776 - INFO - Epoch 080 | Loss=0.0101 | Val MAE=37.4986 | lr=6.25e-05
2025-10-21 10:16:49,057 - INFO - Epoch 085 | Loss=0.0094 | Val MAE=36.9082 | lr=3.13e-05
2025-10-21 10:16:50,847 - INFO - Early stopping at epoch 89
2025-10-21 10:16:50,847 - INFO - ============================================================
2025-10-21 10:16:50,847 - INFO - Training completed!
2025-10-21 10:16:50,847 - INFO - Model: SAETR
2025-10-21 10:16:50,847 - INFO - Best validation MAE: 33.8560
2025-10-21 10:16:50,847 - INFO - Model saved to: train_results\train_run_saetr_20251021_101607\checkpoints\best_model.pth
2025-10-21 10:16:50,847 - INFO - ============================================================
2025-10-21 10:16:50,848 - INFO - Generating training curves...
2025-10-21 10:16:51,163 - INFO - Training curves saved to results directory
