2025-10-21 10:18:30,184 - INFO - ============================================================
2025-10-21 10:18:30,184 - INFO - Starting prediction on test set
2025-10-21 10:18:30,184 - INFO - Device: cuda
2025-10-21 10:18:30,185 - INFO - Run directory: H:\ø∆—–\ Ÿ√¸‘§≤‚\SAT\SAT_proj1\train_results\train_run_gru_20251021_101527
2025-10-21 10:18:30,185 - INFO - ============================================================
2025-10-21 10:18:30,206 - INFO - Model type: GRU
2025-10-21 10:18:30,206 - INFO - Target transform mode: standardize
2025-10-21 10:18:30,207 - INFO - Loading scaler...
2025-10-21 10:18:30,208 - INFO - Loading sequences...
2025-10-21 10:18:30,216 - INFO - Test set: X(1415, 30, 10), y(1415,), meta=1415 rows
2025-10-21 10:18:30,227 - INFO - Loading GRU model...
2025-10-21 10:18:30,328 - INFO - Loaded model from epoch 11 with val MAE=113.2271
2025-10-21 10:18:30,328 - INFO - Performing conformal calibration on validation set...
2025-10-21 10:18:30,395 - INFO - Conformal alpha (tau=0.8): 21.5345
2025-10-21 10:18:30,396 - INFO - Predicting on test set...
2025-10-21 10:18:30,404 - INFO - ============================================================
2025-10-21 10:18:30,405 - INFO - Test Set Performance (GRU):
2025-10-21 10:18:30,405 - INFO -   MAE:  56.8972
2025-10-21 10:18:30,405 - INFO -   RMSE: 87.3100
2025-10-21 10:18:30,405 - INFO -   MAPE: 19.61%
2025-10-21 10:18:30,405 - INFO - ============================================================
2025-10-21 10:18:30,645 - INFO - Saved scatter plot to H:\ø∆—–\ Ÿ√¸‘§≤‚\SAT\SAT_proj1\train_results\train_run_gru_20251021_101527\predictions\test_scatter_pred_vs_true.png
2025-10-21 10:18:30,782 - INFO - Prediction interval coverage: 0.877
2025-10-21 10:18:30,782 - INFO - Saved coverage plot to H:\ø∆—–\ Ÿ√¸‘§≤‚\SAT\SAT_proj1\train_results\train_run_gru_20251021_101527\predictions\quantile_coverage.png
2025-10-21 10:18:30,791 - INFO - Saved detailed predictions to H:\ø∆—–\ Ÿ√¸‘§≤‚\SAT\SAT_proj1\train_results\train_run_gru_20251021_101527\predictions\predictions_test.csv
2025-10-21 10:18:30,798 - INFO - Saved per-battery statistics to H:\ø∆—–\ Ÿ√¸‘§≤‚\SAT\SAT_proj1\train_results\train_run_gru_20251021_101527\predictions\battery_statistics.csv
2025-10-21 10:18:30,799 - INFO - Generating per-battery prediction curves...
2025-10-21 10:18:32,675 - INFO - Saved 20 battery curves to H:\ø∆—–\ Ÿ√¸‘§≤‚\SAT\SAT_proj1\train_results\train_run_gru_20251021_101527\predictions\per_battery_traces
2025-10-21 10:18:32,678 - INFO - Saved summary report to H:\ø∆—–\ Ÿ√¸‘§≤‚\SAT\SAT_proj1\train_results\train_run_gru_20251021_101527\predictions\summary_report.txt
2025-10-21 10:18:32,678 - INFO - ============================================================
2025-10-21 10:18:32,678 - INFO - Prediction completed successfully!
2025-10-21 10:18:32,679 - INFO - ============================================================
