2025-10-30 21:05:02,108 - INFO - 使用实验记录 [ID:9] saetr (MAE=0.0538)
2025-10-30 21:05:02,109 - INFO - ============================================================
2025-10-30 21:05:02,109 - INFO - Starting prediction on test set
2025-10-30 21:05:02,110 - INFO - Device: cuda
2025-10-30 21:05:02,110 - INFO - Run directory: H:\科研\寿命预测\SAT\SAT_proj1\train_results\train_run_saetr_20251030_210415
2025-10-30 21:05:02,110 - INFO - ============================================================
2025-10-30 21:05:02,129 - INFO - Model type: SAETR
2025-10-30 21:05:02,130 - INFO - Target transform mode: standardize
2025-10-30 21:05:02,131 - INFO - Loading scaler...
2025-10-30 21:05:02,134 - INFO - Loading sequences...
2025-10-30 21:05:02,154 - INFO - Test set: X(1375, 50, 10), y(1375,), meta=1375 rows
2025-10-30 21:05:02,174 - INFO - Loading SAETR model...
2025-10-30 21:05:02,268 - INFO - Loaded model from epoch 63 with val MAE=0.0538
2025-10-30 21:05:02,268 - INFO - Performing conformal calibration on validation set...
2025-10-30 21:05:02,402 - INFO - Conformal alpha (tau=0.8): 4.3704
2025-10-30 21:05:02,403 - INFO - Predicting on test set...
2025-10-30 21:05:02,420 - INFO - 预测值范围: -8.86 ~ 1009.40
2025-10-30 21:05:02,420 - INFO - 真实值范围: 0.00 ~ 1005.00
2025-10-30 21:05:02,420 - INFO - 逆变换参数: mu=470.73, sd=369.41
2025-10-30 21:05:02,421 - INFO - ============================================================
2025-10-30 21:05:02,421 - INFO - Test Set Performance (SAETR):
2025-10-30 21:05:02,421 - INFO -   MAE:  8.1186
2025-10-30 21:05:02,421 - INFO -   RMSE: 10.9798
2025-10-30 21:05:02,422 - INFO -   MAPE: 6.45%
2025-10-30 21:05:02,422 - INFO - ============================================================
2025-10-30 21:05:02,671 - INFO - Saved scatter plot to H:\科研\寿命预测\SAT\SAT_proj1\train_results\train_run_saetr_20251030_210415\predictions\test_scatter_pred_vs_true.png
2025-10-30 21:05:02,799 - INFO - Prediction interval coverage: 0.921
2025-10-30 21:05:02,799 - INFO - Saved coverage plot to H:\科研\寿命预测\SAT\SAT_proj1\train_results\train_run_saetr_20251030_210415\predictions\quantile_coverage.png
2025-10-30 21:05:02,806 - INFO - Saved detailed predictions to H:\科研\寿命预测\SAT\SAT_proj1\train_results\train_run_saetr_20251030_210415\predictions\predictions_test.csv
2025-10-30 21:05:02,811 - INFO - Saved per-battery statistics to H:\科研\寿命预测\SAT\SAT_proj1\train_results\train_run_saetr_20251030_210415\predictions\battery_statistics.csv
2025-10-30 21:05:02,811 - INFO - Generating per-battery prediction curves...
2025-10-30 21:05:04,541 - INFO - Saved 20 battery curves to H:\科研\寿命预测\SAT\SAT_proj1\train_results\train_run_saetr_20251030_210415\predictions\per_battery_traces
2025-10-30 21:05:04,544 - INFO - Saved summary report to H:\科研\寿命预测\SAT\SAT_proj1\train_results\train_run_saetr_20251030_210415\predictions\summary_report.txt
2025-10-30 21:05:04,544 - INFO - ============================================================
2025-10-30 21:05:04,544 - INFO - Prediction completed successfully!
2025-10-30 21:05:04,544 - INFO - ============================================================
