2025-10-30 21:10:09,503 - INFO - 使用实验记录 [ID:12] saetr (MAE=0.0718)
2025-10-30 21:10:09,504 - INFO - ============================================================
2025-10-30 21:10:09,504 - INFO - Starting prediction on test set
2025-10-30 21:10:09,505 - INFO - Device: cuda
2025-10-30 21:10:09,506 - INFO - Run directory: H:\科研\寿命预测\SAT\SAT_proj1\train_results\train_run_saetr_20251030_210933
2025-10-30 21:10:09,506 - INFO - ============================================================
2025-10-30 21:10:09,531 - INFO - Model type: SAETR
2025-10-30 21:10:09,532 - INFO - Target transform mode: standardize
2025-10-30 21:10:09,532 - INFO - Loading scaler...
2025-10-30 21:10:09,535 - INFO - Loading sequences...
2025-10-30 21:10:09,553 - INFO - Test set: X(1375, 50, 10), y(1375,), meta=1375 rows
2025-10-30 21:10:09,569 - INFO - Loading SAETR model...
2025-10-30 21:10:09,668 - INFO - Loaded model from epoch 31 with val MAE=0.0718
2025-10-30 21:10:09,668 - INFO - Performing conformal calibration on validation set...
2025-10-30 21:10:09,806 - INFO - Conformal alpha (tau=0.8): 0.4910
2025-10-30 21:10:09,806 - INFO - Predicting on test set...
2025-10-30 21:10:09,824 - INFO - 预测值范围: 0.87 ~ 984.34
2025-10-30 21:10:09,824 - INFO - 真实值范围: 0.00 ~ 1005.00
2025-10-30 21:10:09,824 - INFO - 逆变换参数: mu=470.73, sd=369.41
2025-10-30 21:10:09,825 - INFO - ============================================================
2025-10-30 21:10:09,825 - INFO - Test Set Performance (SAETR):
2025-10-30 21:10:09,825 - INFO -   MAE:  9.8030
2025-10-30 21:10:09,825 - INFO -   RMSE: 13.5082
2025-10-30 21:10:09,826 - INFO -   MAPE: 5.28%
2025-10-30 21:10:09,826 - INFO - ============================================================
2025-10-30 21:10:10,059 - INFO - Saved scatter plot to H:\科研\寿命预测\SAT\SAT_proj1\train_results\train_run_saetr_20251030_210933\predictions\test_scatter_pred_vs_true.png
2025-10-30 21:10:10,189 - INFO - Prediction interval coverage: 0.914
2025-10-30 21:10:10,189 - INFO - Saved coverage plot to H:\科研\寿命预测\SAT\SAT_proj1\train_results\train_run_saetr_20251030_210933\predictions\quantile_coverage.png
2025-10-30 21:10:10,197 - INFO - Saved detailed predictions to H:\科研\寿命预测\SAT\SAT_proj1\train_results\train_run_saetr_20251030_210933\predictions\predictions_test.csv
2025-10-30 21:10:10,202 - INFO - Saved per-battery statistics to H:\科研\寿命预测\SAT\SAT_proj1\train_results\train_run_saetr_20251030_210933\predictions\battery_statistics.csv
2025-10-30 21:10:10,202 - INFO - Generating per-battery prediction curves...
2025-10-30 21:10:11,977 - INFO - Saved 20 battery curves to H:\科研\寿命预测\SAT\SAT_proj1\train_results\train_run_saetr_20251030_210933\predictions\per_battery_traces
2025-10-30 21:10:11,980 - INFO - Saved summary report to H:\科研\寿命预测\SAT\SAT_proj1\train_results\train_run_saetr_20251030_210933\predictions\summary_report.txt
2025-10-30 21:10:11,980 - INFO - ============================================================
2025-10-30 21:10:11,980 - INFO - Prediction completed successfully!
2025-10-30 21:10:11,980 - INFO - ============================================================
