2025-10-30 20:51:39,941 - INFO - ============================================================
2025-10-30 20:51:39,942 - INFO - Starting training: Model = RNN
2025-10-30 20:51:39,942 - INFO - Device: cuda
2025-10-30 20:51:39,943 - INFO - Config: {'paths': {'data_dir': 'data/final_dataset', 'processed_dir': 'data/processed', 'experiment_base_dir': 'train_results', 'checkpoint_dir': 'train_results\\train_run_rnn_20251030_205139\\checkpoints', 'results_dir': 'train_results\\train_run_rnn_20251030_205139\\results'}, 'data_params': {'window': 50, 'stride': 10, 'min_cycles': 180}, 'model_params': {'sae_dim': 32, 'd_model': 128, 'nhead': 4, 'nlayers': 2, 'use_cnn': True, 'cnn_channels': 64, 'quantiles': [0.1, 0.5, 0.9]}, 'train_params': {'batch_size': 128, 'epochs': 200, 'learning_rate': 0.0005, 'weight_decay': 3e-05, 'alpha_recon': 0.2, 'beta_sparse': 0.001, 'y_transform': 'standardize', 'patience': 20, 'grad_clip': 1.0}, 'eval_params': {'tau': 0.8}, 'early_prediction': {'thresholds': [30, 50, 75, 100, 150], 'min_cycles': 20, 'methods': ['saetr', 'partial_discharge', 'knee_point', 'ensemble'], 'knee_detection': {'threshold_drop': 0.02, 'min_cycles_before_knee': 30}, 'partial_discharge': {'voltage_range': [3.5, 3.1]}, 'iterative': {'max_future_cycles': 500, 'feature_prediction_method': 'linear'}}}
2025-10-30 20:51:39,943 - INFO - ============================================================
2025-10-30 20:51:39,943 - INFO - Loading data...
2025-10-30 20:51:39,952 - INFO - Train: X(7239, 50, 10), y(7239,)
2025-10-30 20:51:39,952 - INFO - Val:   X(1863, 50, 10), y(1863,)
2025-10-30 20:51:39,952 - INFO - Test:  X(1375, 50, 10), y(1375,)
2025-10-30 20:51:39,953 - INFO - Fitting StandardScaler on training data...
2025-10-30 20:51:40,011 - INFO - Saved scaler to train_results\train_run_rnn_20251030_205139\checkpoints\scaler.json
2025-10-30 20:51:40,012 - INFO - Applied y_transform: standardize
2025-10-30 20:51:40,012 - INFO - Sequence length: 50, Features: 10
2025-10-30 20:51:40,012 - INFO - Initializing RNN model...
2025-10-30 20:51:40,765 - INFO - Model parameters: 59,395
2025-10-30 20:51:40,773 - INFO - Starting training...
2025-10-30 20:51:42,947 - INFO - Epoch 010 | Loss=0.0514 | Val MAE=114.3619 | lr=5.00e-04
2025-10-30 20:51:43,922 - INFO - Epoch 015 | Loss=0.0463 | Val MAE=124.9391 | lr=5.00e-04
2025-10-30 20:51:44,870 - INFO - Epoch 020 | Loss=0.0424 | Val MAE=119.8454 | lr=2.50e-04
2025-10-30 20:51:46,026 - INFO - Epoch 025 | Loss=0.0395 | Val MAE=122.7937 | lr=1.25e-04
2025-10-30 20:51:47,182 - INFO - Epoch 030 | Loss=0.0374 | Val MAE=124.6074 | lr=1.25e-04
2025-10-30 20:51:47,873 - INFO - Early stopping at epoch 33
2025-10-30 20:51:47,873 - INFO - ============================================================
2025-10-30 20:51:47,873 - INFO - Training completed!
2025-10-30 20:51:47,874 - INFO - Model: RNN
2025-10-30 20:51:47,874 - INFO - Best validation MAE: 106.1061
2025-10-30 20:51:47,874 - INFO - Model saved to: train_results\train_run_rnn_20251030_205139\checkpoints\best_model.pth
2025-10-30 20:51:47,874 - INFO - ============================================================
2025-10-30 20:51:47,875 - INFO - Experiment recorded with ID: 4
2025-10-30 20:51:47,875 - INFO - Generating training curves...
2025-10-30 20:51:48,283 - INFO - Training curves saved to results directory
