2025-10-12 20:14:33,357 - INFO - ============================================================
2025-10-12 20:14:33,358 - INFO - Starting training with configuration:
2025-10-12 20:14:33,358 - INFO - Device: cuda
2025-10-12 20:14:33,358 - INFO - Config: {'paths': {'data_dir': 'data/final_dataset', 'processed_dir': 'data/processed', 'experiment_base_dir': 'experiments', 'checkpoint_dir': 'experiments\\train_run_20251012_201433\\checkpoints', 'results_dir': 'experiments\\train_run_20251012_201433\\results'}, 'data_params': {'window': 160, 'stride': 2, 'min_cycles': 180}, 'model_params': {'sae_dim': 32, 'd_model': 128, 'nhead': 4, 'nlayers': 2, 'use_cnn': True, 'cnn_channels': 64, 'quantiles': [0.1, 0.5, 0.9]}, 'train_params': {'batch_size': 128, 'epochs': 150, 'learning_rate': 0.0003, 'weight_decay': 0.0001, 'alpha_recon': 0.2, 'beta_sparse': 0.001, 'y_transform': 'standardize', 'patience': 15, 'grad_clip': 1.0}, 'eval_params': {'tau': 0.8}}
2025-10-12 20:14:33,359 - INFO - ============================================================
2025-10-12 20:14:33,359 - INFO - Loading data...
2025-10-12 20:14:33,413 - INFO - Train: X(30903, 160, 5), y(30903,)
2025-10-12 20:14:33,413 - INFO - Val:   X(8185, 160, 5), y(8185,)
2025-10-12 20:14:33,413 - INFO - Test:  X(5741, 160, 5), y(5741,)
2025-10-12 20:14:33,413 - INFO - Fitting StandardScaler on training data...
2025-10-12 20:14:34,039 - INFO - Saved scaler to experiments\train_run_20251012_201433\checkpoints\scaler.json
2025-10-12 20:14:34,039 - INFO - Applied y_transform: standardize
2025-10-12 20:14:34,040 - INFO - Sequence length: 160, Features: 5
2025-10-12 20:14:34,040 - INFO - Initializing model...
2025-10-12 20:14:35,112 - INFO - Model parameters: 294,920
2025-10-12 20:14:35,113 - INFO - Starting training...
2025-10-12 20:15:42,607 - INFO - Epoch 010 | Loss=0.0098 | Val MAE=10.7298 | lr=3.00e-04
2025-10-12 20:16:49,664 - INFO - Epoch 020 | Loss=0.0074 | Val MAE=10.5912 | lr=3.00e-04
2025-10-12 20:17:23,309 - INFO - Epoch 025 | Loss=0.0068 | Val MAE=11.0945 | lr=3.00e-04
2025-10-12 20:17:56,904 - INFO - Epoch 030 | Loss=0.0065 | Val MAE=15.5224 | lr=1.50e-04
2025-10-12 20:19:05,457 - INFO - Epoch 040 | Loss=0.0045 | Val MAE=6.3812 | lr=1.50e-04
2025-10-12 20:19:39,942 - INFO - Epoch 045 | Loss=0.0043 | Val MAE=5.5832 | lr=7.50e-05
2025-10-12 20:20:14,570 - INFO - Epoch 050 | Loss=0.0035 | Val MAE=5.2367 | lr=7.50e-05
2025-10-12 20:20:49,206 - INFO - Epoch 055 | Loss=0.0035 | Val MAE=5.6971 | lr=3.75e-05
2025-10-12 20:21:23,976 - INFO - Epoch 060 | Loss=0.0032 | Val MAE=5.1614 | lr=3.75e-05
2025-10-12 20:21:51,494 - INFO - Early stopping at epoch 64
2025-10-12 20:21:51,496 - INFO - ============================================================
2025-10-12 20:21:51,496 - INFO - Training completed!
2025-10-12 20:21:51,496 - INFO - Best validation MAE: 4.8098
2025-10-12 20:21:51,496 - INFO - Model saved to: experiments\train_run_20251012_201433\checkpoints\best_model.pth
2025-10-12 20:21:51,496 - INFO - ============================================================
2025-10-12 20:21:51,496 - INFO - Generating training curves...
2025-10-12 20:21:52,376 - INFO - Training curves saved to results directory
