2025-10-30 20:40:47,117 - INFO - ============================================================
2025-10-30 20:40:47,117 - INFO - Starting training: Model = SAETR
2025-10-30 20:40:47,117 - INFO - Device: cuda
2025-10-30 20:40:47,118 - INFO - Config: {'paths': {'data_dir': 'data/final_dataset', 'processed_dir': 'data/processed', 'experiment_base_dir': 'train_results', 'checkpoint_dir': 'train_results\\train_run_saetr_20251030_204047\\checkpoints', 'results_dir': 'train_results\\train_run_saetr_20251030_204047\\results'}, 'data_params': {'window': 50, 'stride': 10, 'min_cycles': 180}, 'model_params': {'sae_dim': 32, 'd_model': 128, 'nhead': 4, 'nlayers': 2, 'use_cnn': True, 'cnn_channels': 64, 'quantiles': [0.1, 0.5, 0.9]}, 'train_params': {'batch_size': 128, 'epochs': 200, 'learning_rate': 0.0005, 'weight_decay': 3e-05, 'alpha_recon': 0.2, 'beta_sparse': 0.001, 'y_transform': 'standardize', 'patience': 20, 'grad_clip': 1.0}, 'eval_params': {'tau': 0.8}, 'early_prediction': {'thresholds': [30, 50, 75, 100, 150], 'min_cycles': 20, 'methods': ['saetr', 'partial_discharge', 'knee_point', 'ensemble'], 'knee_detection': {'threshold_drop': 0.02, 'min_cycles_before_knee': 30}, 'partial_discharge': {'voltage_range': [3.5, 3.1]}, 'iterative': {'max_future_cycles': 500, 'feature_prediction_method': 'linear'}}}
2025-10-30 20:40:47,118 - INFO - ============================================================
2025-10-30 20:40:47,118 - INFO - Loading data...
2025-10-30 20:40:47,257 - INFO - Train: X(7239, 50, 10), y(7239,)
2025-10-30 20:40:47,257 - INFO - Val:   X(1863, 50, 10), y(1863,)
2025-10-30 20:40:47,258 - INFO - Test:  X(1375, 50, 10), y(1375,)
2025-10-30 20:40:47,258 - INFO - Fitting StandardScaler on training data...
2025-10-30 20:40:47,348 - INFO - Saved scaler to train_results\train_run_saetr_20251030_204047\checkpoints\scaler.json
2025-10-30 20:40:47,349 - INFO - Applied y_transform: standardize
2025-10-30 20:40:47,349 - INFO - Sequence length: 50, Features: 10
2025-10-30 20:40:47,349 - INFO - Initializing SAETR model...
2025-10-30 20:40:48,103 - INFO - Model parameters: 295,565
2025-10-30 20:40:48,104 - INFO - Starting training...
2025-10-30 20:40:55,504 - INFO - Epoch 015 | Loss=0.0244 | Val MAE=54.0526 | lr=5.00e-04
2025-10-30 20:41:00,147 - INFO - Epoch 025 | Loss=0.0177 | Val MAE=42.9390 | lr=5.00e-04
2025-10-30 20:41:02,385 - INFO - Epoch 030 | Loss=0.0171 | Val MAE=37.0568 | lr=5.00e-04
2025-10-30 20:41:04,617 - INFO - Epoch 035 | Loss=0.0144 | Val MAE=34.6169 | lr=5.00e-04
2025-10-30 20:41:06,859 - INFO - Epoch 040 | Loss=0.0133 | Val MAE=33.6486 | lr=5.00e-04
2025-10-30 20:41:11,399 - INFO - Epoch 050 | Loss=0.0136 | Val MAE=35.2763 | lr=5.00e-04
2025-10-30 20:41:13,644 - INFO - Epoch 055 | Loss=0.0114 | Val MAE=30.7751 | lr=2.50e-04
2025-10-30 20:41:18,143 - INFO - Epoch 065 | Loss=0.0093 | Val MAE=25.9291 | lr=2.50e-04
2025-10-30 20:41:20,490 - INFO - Epoch 070 | Loss=0.0081 | Val MAE=26.1931 | lr=1.25e-04
2025-10-30 20:41:22,865 - INFO - Epoch 075 | Loss=0.0078 | Val MAE=26.2586 | lr=6.25e-05
2025-10-30 20:41:25,257 - INFO - Epoch 080 | Loss=0.0072 | Val MAE=25.9126 | lr=3.13e-05
2025-10-30 20:41:25,258 - INFO - Early stopping at epoch 80
2025-10-30 20:41:25,265 - INFO - ============================================================
2025-10-30 20:41:25,265 - INFO - Training completed!
2025-10-30 20:41:25,265 - INFO - Model: SAETR
2025-10-30 20:41:25,265 - INFO - Best validation MAE: 25.3954
2025-10-30 20:41:25,265 - INFO - Model saved to: train_results\train_run_saetr_20251030_204047\checkpoints\best_model.pth
2025-10-30 20:41:25,266 - INFO - ============================================================
2025-10-30 20:41:25,307 - INFO - Experiment recorded with ID: 2
2025-10-30 20:41:25,308 - INFO - Generating training curves...
2025-10-30 20:41:25,681 - INFO - Training curves saved to results directory
