2025-10-21 10:27:14,915 - INFO - ============================================================
2025-10-21 10:27:14,916 - INFO - Starting prediction on test set
2025-10-21 10:27:14,916 - INFO - Device: cuda
2025-10-21 10:27:14,916 - INFO - Run directory: H:\ø∆—–\ Ÿ√¸‘§≤‚\SAT\SAT_proj1\train_results\train_run_saetr_20251021_102532
2025-10-21 10:27:14,916 - INFO - ============================================================
2025-10-21 10:27:14,936 - INFO - Model type: SAETR
2025-10-21 10:27:14,936 - INFO - Target transform mode: standardize
2025-10-21 10:27:14,937 - INFO - Loading scaler...
2025-10-21 10:27:14,939 - INFO - Loading sequences...
2025-10-21 10:27:14,954 - INFO - Test set: X(1415, 30, 10), y(1415,), meta=1415 rows
2025-10-21 10:27:14,960 - INFO - Loading SAETR model...
2025-10-21 10:27:15,063 - INFO - Loaded model from epoch 70 with val MAE=55.8223
2025-10-21 10:27:15,063 - INFO - Performing conformal calibration on validation set...
2025-10-21 10:27:15,185 - INFO - Conformal alpha (tau=0.8): 34.2562
2025-10-21 10:27:15,185 - INFO - Predicting on test set...
2025-10-21 10:27:15,211 - INFO - ============================================================
2025-10-21 10:27:15,212 - INFO - Test Set Performance (SAETR):
2025-10-21 10:27:15,212 - INFO -   MAE:  18.6104
2025-10-21 10:27:15,212 - INFO -   RMSE: 25.9389
2025-10-21 10:27:15,212 - INFO -   MAPE: 7.22%
2025-10-21 10:27:15,212 - INFO - ============================================================
2025-10-21 10:27:15,466 - INFO - Saved scatter plot to H:\ø∆—–\ Ÿ√¸‘§≤‚\SAT\SAT_proj1\train_results\train_run_saetr_20251021_102532\predictions\test_scatter_pred_vs_true.png
2025-10-21 10:27:15,605 - INFO - Prediction interval coverage: 0.984
2025-10-21 10:27:15,605 - INFO - Saved coverage plot to H:\ø∆—–\ Ÿ√¸‘§≤‚\SAT\SAT_proj1\train_results\train_run_saetr_20251021_102532\predictions\quantile_coverage.png
2025-10-21 10:27:15,614 - INFO - Saved detailed predictions to H:\ø∆—–\ Ÿ√¸‘§≤‚\SAT\SAT_proj1\train_results\train_run_saetr_20251021_102532\predictions\predictions_test.csv
2025-10-21 10:27:15,631 - INFO - Saved per-battery statistics to H:\ø∆—–\ Ÿ√¸‘§≤‚\SAT\SAT_proj1\train_results\train_run_saetr_20251021_102532\predictions\battery_statistics.csv
2025-10-21 10:27:15,632 - INFO - Generating per-battery prediction curves...
2025-10-21 10:27:17,308 - INFO - Saved 20 battery curves to H:\ø∆—–\ Ÿ√¸‘§≤‚\SAT\SAT_proj1\train_results\train_run_saetr_20251021_102532\predictions\per_battery_traces
2025-10-21 10:27:17,315 - INFO - Saved summary report to H:\ø∆—–\ Ÿ√¸‘§≤‚\SAT\SAT_proj1\train_results\train_run_saetr_20251021_102532\predictions\summary_report.txt
2025-10-21 10:27:17,316 - INFO - ============================================================
2025-10-21 10:27:17,316 - INFO - Prediction completed successfully!
2025-10-21 10:27:17,316 - INFO - ============================================================
