2025-10-21 10:15:15,690 - INFO - ============================================================
2025-10-21 10:15:15,691 - INFO - Starting training: Model = LSTM
2025-10-21 10:15:15,691 - INFO - Device: cuda
2025-10-21 10:15:15,691 - INFO - Config: {'paths': {'data_dir': 'data/final_dataset', 'processed_dir': 'data/processed', 'experiment_base_dir': 'train_results', 'checkpoint_dir': 'train_results\\train_run_lstm_20251021_101515\\checkpoints', 'results_dir': 'train_results\\train_run_lstm_20251021_101515\\results'}, 'data_params': {'window': 30, 'stride': 10, 'min_cycles': 180}, 'model_params': {'sae_dim': 32, 'd_model': 128, 'nhead': 4, 'nlayers': 2, 'use_cnn': True, 'cnn_channels': 64, 'quantiles': [0.1, 0.5, 0.9]}, 'train_params': {'batch_size': 128, 'epochs': 200, 'learning_rate': 0.0005, 'weight_decay': 3e-05, 'alpha_recon': 0.2, 'beta_sparse': 0.001, 'y_transform': 'standardize', 'patience': 20, 'grad_clip': 1.0}, 'eval_params': {'tau': 0.8}, 'early_prediction': {'thresholds': [30, 50, 75, 100, 150], 'min_cycles': 20, 'methods': ['saetr', 'partial_discharge', 'knee_point', 'ensemble'], 'knee_detection': {'threshold_drop': 0.02, 'min_cycles_before_knee': 30}, 'partial_discharge': {'voltage_range': [3.5, 3.1]}, 'iterative': {'max_future_cycles': 500, 'feature_prediction_method': 'linear'}}}
2025-10-21 10:15:15,696 - INFO - ============================================================
2025-10-21 10:15:15,696 - INFO - Loading data...
2025-10-21 10:15:15,701 - INFO - Train: X(7425, 30, 10), y(7425,)
2025-10-21 10:15:15,701 - INFO - Val:   X(1903, 30, 10), y(1903,)
2025-10-21 10:15:15,701 - INFO - Test:  X(1415, 30, 10), y(1415,)
2025-10-21 10:15:15,701 - INFO - Fitting StandardScaler on training data...
2025-10-21 10:15:15,740 - INFO - Saved scaler to train_results\train_run_lstm_20251021_101515\checkpoints\scaler.json
2025-10-21 10:15:15,740 - INFO - Applied y_transform: standardize
2025-10-21 10:15:15,741 - INFO - Sequence length: 30, Features: 10
2025-10-21 10:15:15,741 - INFO - Initializing LSTM model...
2025-10-21 10:15:16,552 - INFO - Model parameters: 212,227
2025-10-21 10:15:16,553 - INFO - Starting training...
2025-10-21 10:15:19,774 - INFO - Epoch 010 | Loss=0.0515 | Val MAE=125.8914 | lr=5.00e-04
2025-10-21 10:15:21,115 - INFO - Epoch 015 | Loss=0.0458 | Val MAE=126.9498 | lr=2.50e-04
2025-10-21 10:15:22,432 - INFO - Epoch 020 | Loss=0.0398 | Val MAE=119.7563 | lr=2.50e-04
2025-10-21 10:15:23,701 - INFO - Epoch 025 | Loss=0.0378 | Val MAE=116.9577 | lr=1.25e-04
2025-10-21 10:15:24,736 - INFO - Early stopping at epoch 29
2025-10-21 10:15:24,736 - INFO - ============================================================
2025-10-21 10:15:24,737 - INFO - Training completed!
2025-10-21 10:15:24,737 - INFO - Model: LSTM
2025-10-21 10:15:24,737 - INFO - Best validation MAE: 116.1936
2025-10-21 10:15:24,737 - INFO - Model saved to: train_results\train_run_lstm_20251021_101515\checkpoints\best_model.pth
2025-10-21 10:15:24,737 - INFO - ============================================================
2025-10-21 10:15:24,737 - INFO - Generating training curves...
2025-10-21 10:15:25,142 - INFO - Training curves saved to results directory
